<?xml version="1.0" encoding="UTF-8"?>
<coverage generated="1760006575590" clover="3.2.0">
  <project timestamp="1760006575591" name="All files">
    <metrics statements="25" coveredstatements="24" conditionals="14" coveredconditionals="13" methods="13" coveredmethods="12" elements="52" coveredelements="49" complexity="0" loc="25" ncloc="25" packages="2" files="3" classes="3"/>
    <package name="src">
      <metrics statements="1" coveredstatements="0" conditionals="0" coveredconditionals="0" methods="1" coveredmethods="0"/>
      <file name="App.jsx" path="/Users/anitasamuel/Desktop/ALX_PRO_DEV/alx-fe-reactjs/react-todo/src/App.jsx">
        <metrics statements="1" coveredstatements="0" conditionals="0" coveredconditionals="0" methods="1" coveredmethods="0"/>
        <line num="6" count="0" type="stmt"/>
      </file>
    </package>
    <package name="src.components">
      <metrics statements="24" coveredstatements="24" conditionals="14" coveredconditionals="13" methods="12" coveredmethods="12"/>
      <file name="AddTodoForm.jsx" path="/Users/anitasamuel/Desktop/ALX_PRO_DEV/alx-fe-reactjs/react-todo/src/components/AddTodoForm.jsx">
        <metrics statements="9" coveredstatements="9" conditionals="2" coveredconditionals="2" methods="3" coveredmethods="3"/>
        <line num="3" count="2" type="stmt"/>
        <line num="4" count="104" type="stmt"/>
        <line num="6" count="104" type="stmt"/>
        <line num="7" count="8" type="stmt"/>
        <line num="8" count="8" type="cond" truecount="2" falsecount="0"/>
        <line num="9" count="5" type="stmt"/>
        <line num="10" count="5" type="stmt"/>
        <line num="14" count="104" type="stmt"/>
        <line num="19" count="73" type="stmt"/>
      </file>
      <file name="TodoList.jsx" path="/Users/anitasamuel/Desktop/ALX_PRO_DEV/alx-fe-reactjs/react-todo/src/components/TodoList.jsx">
        <metrics statements="15" coveredstatements="15" conditionals="12" coveredconditionals="11" methods="9" coveredmethods="9"/>
        <line num="4" count="1" type="stmt"/>
        <line num="5" count="25" type="stmt"/>
        <line num="11" count="25" type="stmt"/>
        <line num="12" count="3" type="cond" truecount="1" falsecount="1"/>
        <line num="13" count="3" type="stmt"/>
        <line num="18" count="3" type="stmt"/>
        <line num="22" count="25" type="stmt"/>
        <line num="23" count="5" type="stmt"/>
        <line num="24" count="17" type="cond" truecount="2" falsecount="0"/>
        <line num="28" count="25" type="stmt"/>
        <line num="29" count="17" type="stmt"/>
        <line num="32" count="25" type="stmt"/>
        <line num="42" count="73" type="cond" truecount="2" falsecount="0"/>
        <line num="44" count="5" type="stmt"/>
        <line num="54" count="6" type="stmt"/>
      </file>
    </package>
  </project>
</coverage>
