{"/Users/anitasamuel/Desktop/ALX_PRO_DEV/alx-fe-reactjs/react-todo/src/App.jsx": {"path":"/Users/anitasamuel/Desktop/ALX_PRO_DEV/alx-fe-reactjs/react-todo/src/App.jsx","statementMap":{"0":{"start":{"line":6,"column":2},"end":{"line":10,"column":3}}},"fnMap":{"0":{"name":"App","decl":{"start":{"line":5,"column":9},"end":{"line":5,"column":12}},"loc":{"start":{"line":5,"column":15},"end":{"line":11,"column":1}},"line":5}},"branchMap":{},"s":{"0":0},"f":{"0":0},"b":{}}
,"/Users/anitasamuel/Desktop/ALX_PRO_DEV/alx-fe-reactjs/react-todo/src/components/AddTodoForm.jsx": {"path":"/Users/anitasamuel/Desktop/ALX_PRO_DEV/alx-fe-reactjs/react-todo/src/components/AddTodoForm.jsx","statementMap":{"0":{"start":{"line":3,"column":20},"end":{"line":28,"column":1}},"1":{"start":{"line":4,"column":38},"end":{"line":4,"column":50}},"2":{"start":{"line":6,"column":23},"end":{"line":12,"column":3}},"3":{"start":{"line":7,"column":4},"end":{"line":7,"column":23}},"4":{"start":{"line":8,"column":4},"end":{"line":11,"column":5}},"5":{"start":{"line":9,"column":6},"end":{"line":9,"column":28}},"6":{"start":{"line":10,"column":6},"end":{"line":10,"column":24}},"7":{"start":{"line":14,"column":2},"end":{"line":27,"column":4}},"8":{"start":{"line":19,"column":25},"end":{"line":19,"column":54}}},"fnMap":{"0":{"name":"(anonymous_0)","decl":{"start":{"line":3,"column":20},"end":{"line":3,"column":21}},"loc":{"start":{"line":3,"column":39},"end":{"line":28,"column":1}},"line":3},"1":{"name":"(anonymous_1)","decl":{"start":{"line":6,"column":23},"end":{"line":6,"column":24}},"loc":{"start":{"line":6,"column":30},"end":{"line":12,"column":3}},"line":6},"2":{"name":"(anonymous_2)","decl":{"start":{"line":19,"column":18},"end":{"line":19,"column":19}},"loc":{"start":{"line":19,"column":25},"end":{"line":19,"column":54}},"line":19}},"branchMap":{"0":{"loc":{"start":{"line":8,"column":4},"end":{"line":11,"column":5}},"type":"if","locations":[{"start":{"line":8,"column":4},"end":{"line":11,"column":5}},{"start":{},"end":{}}],"line":8}},"s":{"0":2,"1":104,"2":104,"3":8,"4":8,"5":5,"6":5,"7":104,"8":73},"f":{"0":104,"1":8,"2":73},"b":{"0":[5,3]},"_coverageSchema":"1a1c01bbd47fc00a2c39e90264f33305004495a9","hash":"d68e11eb980d25f894273807ddb10f0c049eabdc"}
,"/Users/anitasamuel/Desktop/ALX_PRO_DEV/alx-fe-reactjs/react-todo/src/components/TodoList.jsx": {"path":"/Users/anitasamuel/Desktop/ALX_PRO_DEV/alx-fe-reactjs/react-todo/src/components/TodoList.jsx","statementMap":{"0":{"start":{"line":4,"column":17},"end":{"line":66,"column":1}},"1":{"start":{"line":5,"column":28},"end":{"line":9,"column":4}},"2":{"start":{"line":11,"column":18},"end":{"line":20,"column":3}},"3":{"start":{"line":12,"column":4},"end":{"line":19,"column":5}},"4":{"start":{"line":13,"column":22},"end":{"line":17,"column":7}},"5":{"start":{"line":18,"column":6},"end":{"line":18,"column":36}},"6":{"start":{"line":22,"column":21},"end":{"line":26,"column":3}},"7":{"start":{"line":23,"column":4},"end":{"line":25,"column":7}},"8":{"start":{"line":24,"column":6},"end":{"line":24,"column":69}},"9":{"start":{"line":28,"column":21},"end":{"line":30,"column":3}},"10":{"start":{"line":29,"column":4},"end":{"line":29,"column":51}},"11":{"start":{"line":29,"column":34},"end":{"line":29,"column":48}},"12":{"start":{"line":32,"column":2},"end":{"line":65,"column":4}},"13":{"start":{"line":42,"column":12},"end":{"line":60,"column":17}},"14":{"start":{"line":44,"column":31},"end":{"line":44,"column":50}},"15":{"start":{"line":54,"column":31},"end":{"line":54,"column":50}}},"fnMap":{"0":{"name":"(anonymous_0)","decl":{"start":{"line":4,"column":17},"end":{"line":4,"column":18}},"loc":{"start":{"line":4,"column":23},"end":{"line":66,"column":1}},"line":4},"1":{"name":"(anonymous_1)","decl":{"start":{"line":11,"column":18},"end":{"line":11,"column":19}},"loc":{"start":{"line":11,"column":28},"end":{"line":20,"column":3}},"line":11},"2":{"name":"(anonymous_2)","decl":{"start":{"line":22,"column":21},"end":{"line":22,"column":22}},"loc":{"start":{"line":22,"column":29},"end":{"line":26,"column":3}},"line":22},"3":{"name":"(anonymous_3)","decl":{"start":{"line":23,"column":23},"end":{"line":23,"column":24}},"loc":{"start":{"line":24,"column":6},"end":{"line":24,"column":69}},"line":24},"4":{"name":"(anonymous_4)","decl":{"start":{"line":28,"column":21},"end":{"line":28,"column":22}},"loc":{"start":{"line":28,"column":29},"end":{"line":30,"column":3}},"line":28},"5":{"name":"(anonymous_5)","decl":{"start":{"line":29,"column":26},"end":{"line":29,"column":27}},"loc":{"start":{"line":29,"column":34},"end":{"line":29,"column":48}},"line":29},"6":{"name":"(anonymous_6)","decl":{"start":{"line":41,"column":21},"end":{"line":41,"column":22}},"loc":{"start":{"line":42,"column":12},"end":{"line":60,"column":17}},"line":42},"7":{"name":"(anonymous_7)","decl":{"start":{"line":44,"column":25},"end":{"line":44,"column":26}},"loc":{"start":{"line":44,"column":31},"end":{"line":44,"column":50}},"line":44},"8":{"name":"(anonymous_8)","decl":{"start":{"line":54,"column":25},"end":{"line":54,"column":26}},"loc":{"start":{"line":54,"column":31},"end":{"line":54,"column":50}},"line":54}},"branchMap":{"0":{"loc":{"start":{"line":12,"column":4},"end":{"line":19,"column":5}},"type":"if","locations":[{"start":{"line":12,"column":4},"end":{"line":19,"column":5}},{"start":{},"end":{}}],"line":12},"1":{"loc":{"start":{"line":24,"column":6},"end":{"line":24,"column":69}},"type":"cond-expr","locations":[{"start":{"line":24,"column":23},"end":{"line":24,"column":62}},{"start":{"line":24,"column":65},"end":{"line":24,"column":69}}],"line":24},"2":{"loc":{"start":{"line":37,"column":7},"end":{"line":63,"column":7}},"type":"cond-expr","locations":[{"start":{"line":38,"column":8},"end":{"line":38,"column":43}},{"start":{"line":40,"column":8},"end":{"line":62,"column":13}}],"line":37},"3":{"loc":{"start":{"line":42,"column":54},"end":{"line":42,"column":87}},"type":"cond-expr","locations":[{"start":{"line":42,"column":71},"end":{"line":42,"column":82}},{"start":{"line":42,"column":85},"end":{"line":42,"column":87}}],"line":42},"4":{"loc":{"start":{"line":47,"column":34},"end":{"line":47,"column":74}},"type":"cond-expr","locations":[{"start":{"line":47,"column":51},"end":{"line":47,"column":65}},{"start":{"line":47,"column":68},"end":{"line":47,"column":74}}],"line":47},"5":{"loc":{"start":{"line":48,"column":25},"end":{"line":48,"column":57}},"type":"cond-expr","locations":[{"start":{"line":48,"column":42},"end":{"line":48,"column":48}},{"start":{"line":48,"column":51},"end":{"line":48,"column":57}}],"line":48}},"s":{"0":1,"1":25,"2":25,"3":3,"4":3,"5":3,"6":25,"7":5,"8":17,"9":25,"10":6,"11":17,"12":25,"13":73,"14":5,"15":6},"f":{"0":25,"1":3,"2":5,"3":17,"4":6,"5":17,"6":73,"7":5,"8":6},"b":{"0":[3,0],"1":[5,12],"2":[1,24],"3":[25,48],"4":[25,48],"5":[25,48]},"_coverageSchema":"1a1c01bbd47fc00a2c39e90264f33305004495a9","hash":"b3b3cffc99021118e9aae8209825d4e42c0a0592"}
}
