TN:
SF:src/App.jsx
FN:5,App
FNF:1
FNH:0
FNDA:0,App
DA:6,0
LF:1
LH:0
BRF:0
BRH:0
end_of_record
TN:
SF:src/components/AddTodoForm.jsx
FN:3,(anonymous_0)
FN:6,(anonymous_1)
FN:19,(anonymous_2)
FNF:3
FNH:3
FNDA:104,(anonymous_0)
FNDA:8,(anonymous_1)
FNDA:73,(anonymous_2)
DA:3,2
DA:4,104
DA:6,104
DA:7,8
DA:8,8
DA:9,5
DA:10,5
DA:14,104
DA:19,73
LF:9
LH:9
BRDA:8,0,0,5
BRDA:8,0,1,3
BRF:2
BRH:2
end_of_record
TN:
SF:src/components/TodoList.jsx
FN:4,(anonymous_0)
FN:11,(anonymous_1)
FN:22,(anonymous_2)
FN:23,(anonymous_3)
FN:28,(anonymous_4)
FN:29,(anonymous_5)
FN:41,(anonymous_6)
FN:44,(anonymous_7)
FN:54,(anonymous_8)
FNF:9
FNH:9
FNDA:25,(anonymous_0)
FNDA:3,(anonymous_1)
FNDA:5,(anonymous_2)
FNDA:17,(anonymous_3)
FNDA:6,(anonymous_4)
FNDA:17,(anonymous_5)
FNDA:73,(anonymous_6)
FNDA:5,(anonymous_7)
FNDA:6,(anonymous_8)
DA:4,1
DA:5,25
DA:11,25
DA:12,3
DA:13,3
DA:18,3
DA:22,25
DA:23,5
DA:24,17
DA:28,25
DA:29,17
DA:32,25
DA:42,73
DA:44,5
DA:54,6
LF:15
LH:15
BRDA:12,0,0,3
BRDA:12,0,1,0
BRDA:24,1,0,5
BRDA:24,1,1,12
BRDA:37,2,0,1
BRDA:37,2,1,24
BRDA:42,3,0,25
BRDA:42,3,1,48
BRDA:47,4,0,25
BRDA:47,4,1,48
BRDA:48,5,0,25
BRDA:48,5,1,48
BRF:12
BRH:11
end_of_record
